<?xml version="1.0" encoding="UTF-8"?>
<!-- Generated by org.testng.reporters.JUnitReportReporter -->
<testsuite skipped="0" hostname="Brat-PC" name="com.edureka.testscripts.PersonalDetailsUpdate" tests="2" failures="0" timestamp="15 Nov 2019 02:13:27 GMT" time="80.118" errors="0">
  <testcase name="tc_01_ProfileUpdate" time="36.234" classname="com.edureka.testscripts.PersonalDetailsUpdate"/>
  <testcase name="tc_02_PersonalDetailsEdit" time="43.884" classname="com.edureka.testscripts.PersonalDetailsUpdate"/>
</testsuite> <!-- com.edureka.testscripts.PersonalDetailsUpdate -->
