<?xml version="1.0" encoding="UTF-8"?>
<!-- Generated by org.testng.reporters.JUnitReportReporter -->
<testsuite skipped="0" hostname="Brat-PC" name="com.edureka.testscripts.LogInScript" tests="1" failures="0" timestamp="15 Nov 2019 02:13:27 GMT" time="2.904" errors="0">
  <testcase name="tc_01_login" time="2.904" classname="com.edureka.testscripts.LogInScript"/>
</testsuite> <!-- com.edureka.testscripts.LogInScript -->
